0 info it worked if it ends with ok
1 verbose cli [ 'node', '/usr/local/bin/npm', 'publish' ]
2 info using npm@1.3.11
3 info using node@v0.10.21
4 verbose publish [ '.' ]
5 verbose cache add [ '.', null ]
6 verbose cache add name=undefined spec="." args=[".",null]
7 verbose parsed url { protocol: null,
7 verbose parsed url   slashes: null,
7 verbose parsed url   auth: null,
7 verbose parsed url   host: null,
7 verbose parsed url   port: null,
7 verbose parsed url   hostname: null,
7 verbose parsed url   hash: null,
7 verbose parsed url   search: null,
7 verbose parsed url   query: null,
7 verbose parsed url   pathname: '.',
7 verbose parsed url   path: '.',
7 verbose parsed url   href: '.' }
8 silly lockFile 3a52ce78- .
9 verbose lock . /Users/craig/.npm/3a52ce78-.lock
10 verbose tar pack [ '/var/folders/n1/r96x64mx6jzcbzkbz1ddrw6r0000gn/T/npm-17667-9Tjd3pHE/1392403562891-0.7873389185406268/tmp.tgz',
10 verbose tar pack   '.' ]
11 verbose tarball /var/folders/n1/r96x64mx6jzcbzkbz1ddrw6r0000gn/T/npm-17667-9Tjd3pHE/1392403562891-0.7873389185406268/tmp.tgz
12 verbose folder .
13 silly lockFile 1f1177db-tar tar://.
14 verbose lock tar://. /Users/craig/.npm/1f1177db-tar.lock
15 silly lockFile e8b80060-62891-0-7873389185406268-tmp-tgz tar:///var/folders/n1/r96x64mx6jzcbzkbz1ddrw6r0000gn/T/npm-17667-9Tjd3pHE/1392403562891-0.7873389185406268/tmp.tgz
16 verbose lock tar:///var/folders/n1/r96x64mx6jzcbzkbz1ddrw6r0000gn/T/npm-17667-9Tjd3pHE/1392403562891-0.7873389185406268/tmp.tgz /Users/craig/.npm/e8b80060-62891-0-7873389185406268-tmp-tgz.lock
17 silly lockFile 1f1177db-tar tar://.
18 silly lockFile 1f1177db-tar tar://.
19 silly lockFile e8b80060-62891-0-7873389185406268-tmp-tgz tar:///var/folders/n1/r96x64mx6jzcbzkbz1ddrw6r0000gn/T/npm-17667-9Tjd3pHE/1392403562891-0.7873389185406268/tmp.tgz
20 silly lockFile e8b80060-62891-0-7873389185406268-tmp-tgz tar:///var/folders/n1/r96x64mx6jzcbzkbz1ddrw6r0000gn/T/npm-17667-9Tjd3pHE/1392403562891-0.7873389185406268/tmp.tgz
21 verbose tar unpack /var/folders/n1/r96x64mx6jzcbzkbz1ddrw6r0000gn/T/npm-17667-9Tjd3pHE/1392403562891-0.7873389185406268/tmp.tgz
22 silly lockFile 5c25fba1-62891-0-7873389185406268-package tar:///var/folders/n1/r96x64mx6jzcbzkbz1ddrw6r0000gn/T/npm-17667-9Tjd3pHE/1392403562891-0.7873389185406268/package
23 verbose lock tar:///var/folders/n1/r96x64mx6jzcbzkbz1ddrw6r0000gn/T/npm-17667-9Tjd3pHE/1392403562891-0.7873389185406268/package /Users/craig/.npm/5c25fba1-62891-0-7873389185406268-package.lock
24 silly lockFile e8b80060-62891-0-7873389185406268-tmp-tgz tar:///var/folders/n1/r96x64mx6jzcbzkbz1ddrw6r0000gn/T/npm-17667-9Tjd3pHE/1392403562891-0.7873389185406268/tmp.tgz
25 verbose lock tar:///var/folders/n1/r96x64mx6jzcbzkbz1ddrw6r0000gn/T/npm-17667-9Tjd3pHE/1392403562891-0.7873389185406268/tmp.tgz /Users/craig/.npm/e8b80060-62891-0-7873389185406268-tmp-tgz.lock
26 silly gunzTarPerm modes [ '755', '644' ]
27 silly gunzTarPerm extractEntry package.json
28 silly gunzTarPerm extractEntry .npmignore
29 silly gunzTarPerm extractEntry README.md
30 silly gunzTarPerm extractEntry test.js
31 silly gunzTarPerm extractEntry bin/awsm
32 silly gunzTarPerm extractEntry bin/awsm-install
33 silly gunzTarPerm extractEntry bin/awsm-run
34 silly gunzTarPerm extractEntry screenshots/screen.png
35 silly lockFile 5c25fba1-62891-0-7873389185406268-package tar:///var/folders/n1/r96x64mx6jzcbzkbz1ddrw6r0000gn/T/npm-17667-9Tjd3pHE/1392403562891-0.7873389185406268/package
36 silly lockFile 5c25fba1-62891-0-7873389185406268-package tar:///var/folders/n1/r96x64mx6jzcbzkbz1ddrw6r0000gn/T/npm-17667-9Tjd3pHE/1392403562891-0.7873389185406268/package
37 silly lockFile e8b80060-62891-0-7873389185406268-tmp-tgz tar:///var/folders/n1/r96x64mx6jzcbzkbz1ddrw6r0000gn/T/npm-17667-9Tjd3pHE/1392403562891-0.7873389185406268/tmp.tgz
38 silly lockFile e8b80060-62891-0-7873389185406268-tmp-tgz tar:///var/folders/n1/r96x64mx6jzcbzkbz1ddrw6r0000gn/T/npm-17667-9Tjd3pHE/1392403562891-0.7873389185406268/tmp.tgz
39 verbose tar pack [ '/Users/craig/.npm/awsm-cli/0.0.9/package.tgz',
39 verbose tar pack   '/var/folders/n1/r96x64mx6jzcbzkbz1ddrw6r0000gn/T/npm-17667-9Tjd3pHE/1392403562891-0.7873389185406268/package' ]
40 verbose tarball /Users/craig/.npm/awsm-cli/0.0.9/package.tgz
41 verbose folder /var/folders/n1/r96x64mx6jzcbzkbz1ddrw6r0000gn/T/npm-17667-9Tjd3pHE/1392403562891-0.7873389185406268/package
42 silly lockFile 5c25fba1-62891-0-7873389185406268-package tar:///var/folders/n1/r96x64mx6jzcbzkbz1ddrw6r0000gn/T/npm-17667-9Tjd3pHE/1392403562891-0.7873389185406268/package
43 verbose lock tar:///var/folders/n1/r96x64mx6jzcbzkbz1ddrw6r0000gn/T/npm-17667-9Tjd3pHE/1392403562891-0.7873389185406268/package /Users/craig/.npm/5c25fba1-62891-0-7873389185406268-package.lock
44 silly lockFile 26f4ba88-g-npm-awsm-cli-0-0-9-package-tgz tar:///Users/craig/.npm/awsm-cli/0.0.9/package.tgz
45 verbose lock tar:///Users/craig/.npm/awsm-cli/0.0.9/package.tgz /Users/craig/.npm/26f4ba88-g-npm-awsm-cli-0-0-9-package-tgz.lock
46 silly lockFile 5c25fba1-62891-0-7873389185406268-package tar:///var/folders/n1/r96x64mx6jzcbzkbz1ddrw6r0000gn/T/npm-17667-9Tjd3pHE/1392403562891-0.7873389185406268/package
47 silly lockFile 5c25fba1-62891-0-7873389185406268-package tar:///var/folders/n1/r96x64mx6jzcbzkbz1ddrw6r0000gn/T/npm-17667-9Tjd3pHE/1392403562891-0.7873389185406268/package
48 silly lockFile 26f4ba88-g-npm-awsm-cli-0-0-9-package-tgz tar:///Users/craig/.npm/awsm-cli/0.0.9/package.tgz
49 silly lockFile 26f4ba88-g-npm-awsm-cli-0-0-9-package-tgz tar:///Users/craig/.npm/awsm-cli/0.0.9/package.tgz
50 silly lockFile 9079afc1-craig-npm-awsm-cli-0-0-9-package /Users/craig/.npm/awsm-cli/0.0.9/package
51 verbose lock /Users/craig/.npm/awsm-cli/0.0.9/package /Users/craig/.npm/9079afc1-craig-npm-awsm-cli-0-0-9-package.lock
52 silly lockFile 9079afc1-craig-npm-awsm-cli-0-0-9-package /Users/craig/.npm/awsm-cli/0.0.9/package
53 silly lockFile 9079afc1-craig-npm-awsm-cli-0-0-9-package /Users/craig/.npm/awsm-cli/0.0.9/package
54 verbose tar unpack /Users/craig/.npm/awsm-cli/0.0.9/package.tgz
55 silly lockFile bf89ec87-craig-npm-awsm-cli-0-0-9-package tar:///Users/craig/.npm/awsm-cli/0.0.9/package
56 verbose lock tar:///Users/craig/.npm/awsm-cli/0.0.9/package /Users/craig/.npm/bf89ec87-craig-npm-awsm-cli-0-0-9-package.lock
57 silly lockFile 26f4ba88-g-npm-awsm-cli-0-0-9-package-tgz tar:///Users/craig/.npm/awsm-cli/0.0.9/package.tgz
58 verbose lock tar:///Users/craig/.npm/awsm-cli/0.0.9/package.tgz /Users/craig/.npm/26f4ba88-g-npm-awsm-cli-0-0-9-package-tgz.lock
59 silly gunzTarPerm modes [ '755', '644' ]
60 silly gunzTarPerm extractEntry package.json
61 silly gunzTarPerm extractEntry .npmignore
62 silly gunzTarPerm extractEntry README.md
63 silly gunzTarPerm extractEntry test.js
64 silly gunzTarPerm extractEntry bin/awsm
65 silly gunzTarPerm extractEntry bin/awsm-install
66 silly gunzTarPerm extractEntry bin/awsm-run
67 silly gunzTarPerm extractEntry screenshots/screen.png
68 silly lockFile bf89ec87-craig-npm-awsm-cli-0-0-9-package tar:///Users/craig/.npm/awsm-cli/0.0.9/package
69 silly lockFile bf89ec87-craig-npm-awsm-cli-0-0-9-package tar:///Users/craig/.npm/awsm-cli/0.0.9/package
70 silly lockFile 26f4ba88-g-npm-awsm-cli-0-0-9-package-tgz tar:///Users/craig/.npm/awsm-cli/0.0.9/package.tgz
71 silly lockFile 26f4ba88-g-npm-awsm-cli-0-0-9-package-tgz tar:///Users/craig/.npm/awsm-cli/0.0.9/package.tgz
72 verbose chmod /Users/craig/.npm/awsm-cli/0.0.9/package.tgz 644
73 verbose chown /Users/craig/.npm/awsm-cli/0.0.9/package.tgz [ 501, 20 ]
74 silly lockFile 3a52ce78- .
75 silly lockFile 3a52ce78- .
76 silly publish { name: 'awsm-cli',
76 silly publish   version: '0.0.9',
76 silly publish   description: 'node-awsm-cli =============',
76 silly publish   main: './lib/index.js',
76 silly publish   scripts: { test: 'echo "Error: no test specified" && exit 1' },
76 silly publish   bin:
76 silly publish    { awsm: './bin/awsm',
76 silly publish      'awsm-install': './bin/awsm-install',
76 silly publish      'awsm-run': './bin/awsm-run' },
76 silly publish   repository: { type: 'git', url: 'git://github.com/crcn/node-awsm-cli.git' },
76 silly publish   author: '',
76 silly publish   license: 'BSD-2-Clause',
76 silly publish   bugs: { url: 'https://github.com/crcn/node-awsm-cli/issues' },
76 silly publish   dependencies:
76 silly publish    { commander: '2.1.x',
76 silly publish      awsm: '0.0.x',
76 silly publish      colors: '~0.6.2',
76 silly publish      sprintf: '~0.1.3',
76 silly publish      async: '~0.2.10',
76 silly publish      'type-component': '0.0.1',
76 silly publish      flatten: '0.0.1',
76 silly publish      burrito: '~0.2.12' },
76 silly publish   readme: 'node-awsm-cli\n=============\n\nawsm command line interface\n\n\n![screenshot](screenshots/screen.png)',
76 silly publish   readmeFilename: 'README.md',
76 silly publish   _id: 'awsm-cli@0.0.9',
76 silly publish   dist: { shasum: '55d648211cb70b123f41a5cd16efb1f3d0e610bd' },
76 silly publish   _from: '.' }
77 verbose url raw awsm-cli
78 verbose url resolving [ 'http://registry.npmjs.org/', './awsm-cli' ]
79 verbose url resolved http://registry.npmjs.org/awsm-cli
80 info trying registry request attempt 1 at 10:46:03
81 http PUT http://registry.npmjs.org/awsm-cli
82 http 409 http://registry.npmjs.org/awsm-cli
83 verbose url raw awsm-cli
84 verbose url resolving [ 'http://registry.npmjs.org/', './awsm-cli' ]
85 verbose url resolved http://registry.npmjs.org/awsm-cli
86 info trying registry request attempt 1 at 10:46:03
87 http GET http://registry.npmjs.org/awsm-cli
88 http 200 http://registry.npmjs.org/awsm-cli
89 verbose uploading [ 'awsm-cli/-/awsm-cli-0.0.9.tgz/-rev/25-af37aac558028a172230b2fdcc4042fd',
89 verbose uploading   '/Users/craig/.npm/awsm-cli/0.0.9/package.tgz' ]
90 verbose url raw awsm-cli/-/awsm-cli-0.0.9.tgz/-rev/25-af37aac558028a172230b2fdcc4042fd
91 verbose url resolving [ 'http://registry.npmjs.org/',
91 verbose url resolving   './awsm-cli/-/awsm-cli-0.0.9.tgz/-rev/25-af37aac558028a172230b2fdcc4042fd' ]
92 verbose url resolved http://registry.npmjs.org/awsm-cli/-/awsm-cli-0.0.9.tgz/-rev/25-af37aac558028a172230b2fdcc4042fd
93 info trying registry request attempt 1 at 10:46:04
94 http PUT http://registry.npmjs.org/awsm-cli/-/awsm-cli-0.0.9.tgz/-rev/25-af37aac558028a172230b2fdcc4042fd
95 http 503 http://registry.npmjs.org/awsm-cli/-/awsm-cli-0.0.9.tgz/-rev/25-af37aac558028a172230b2fdcc4042fd
96 verbose bad json <?xml version="1.0" encoding="utf-8"?>
96 verbose bad json <!DOCTYPE html PUBLIC "-//W3C//DTD XHTML 1.0 Strict//EN"
96 verbose bad json  "http://www.w3.org/TR/xhtml1/DTD/xhtml1-strict.dtd">
96 verbose bad json <html>
96 verbose bad json   <head>
96 verbose bad json     <title>503 backend write error</title>
96 verbose bad json   </head>
96 verbose bad json   <body>
96 verbose bad json     <h1>Error 503 backend write error</h1>
96 verbose bad json     <p>backend write error</p>
96 verbose bad json     <h3>Guru Meditation:</h3>
96 verbose bad json     <p>XID: 2937163125</p>
96 verbose bad json     <hr>
96 verbose bad json     <p>Varnish cache server</p>
96 verbose bad json   </body>
96 verbose bad json </html>
97 error registry error parsing json
98 info retry will retry, error on last attempt: SyntaxError: Unexpected token <
98 info retry
98 info retry <?xml version="1.0" encoding="utf-8"?>
98 info retry <!DOCTYPE html PUBLIC "-//W3C//DTD XHTML 1.0 Strict//EN"
98 info retry  "http://www.w3.org/TR/xhtml1/DTD/xhtml1-strict.dtd">
98 info retry <html>
98 info retry   <head>
98 info retry     <title>503 backend write error</title>
98 info retry   </head>
98 info retry   <body>
98 info retry     <h1>Error 503 backend write error</h1>
98 info retry     <p>backend write error</p>
98 info retry     <h3>Guru Meditation:</h3>
98 info retry     <p>XID: 2937163125</p>
98 info retry     <hr>
98 info retry     <p>Varnish cache server</p>
98 info retry   </body>
98 info retry </html>
99 info trying registry request attempt 2 at 10:46:14
100 http PUT http://registry.npmjs.org/awsm-cli/-/awsm-cli-0.0.9.tgz/-rev/25-af37aac558028a172230b2fdcc4042fd
101 http 503 http://registry.npmjs.org/awsm-cli/-/awsm-cli-0.0.9.tgz/-rev/25-af37aac558028a172230b2fdcc4042fd
102 verbose bad json <?xml version="1.0" encoding="utf-8"?>
102 verbose bad json <!DOCTYPE html PUBLIC "-//W3C//DTD XHTML 1.0 Strict//EN"
102 verbose bad json  "http://www.w3.org/TR/xhtml1/DTD/xhtml1-strict.dtd">
102 verbose bad json <html>
102 verbose bad json   <head>
102 verbose bad json     <title>503 client read error</title>
102 verbose bad json   </head>
102 verbose bad json   <body>
102 verbose bad json     <h1>Error 503 client read error</h1>
102 verbose bad json     <p>client read error</p>
102 verbose bad json     <h3>Guru Meditation:</h3>
102 verbose bad json     <p>XID: 2290516310</p>
102 verbose bad json     <hr>
102 verbose bad json     <p>Varnish cache server</p>
102 verbose bad json   </body>
102 verbose bad json </html>
103 error registry error parsing json
104 info retry will retry, error on last attempt: SyntaxError: Unexpected token <
104 info retry
104 info retry <?xml version="1.0" encoding="utf-8"?>
104 info retry <!DOCTYPE html PUBLIC "-//W3C//DTD XHTML 1.0 Strict//EN"
104 info retry  "http://www.w3.org/TR/xhtml1/DTD/xhtml1-strict.dtd">
104 info retry <html>
104 info retry   <head>
104 info retry     <title>503 client read error</title>
104 info retry   </head>
104 info retry   <body>
104 info retry     <h1>Error 503 client read error</h1>
104 info retry     <p>client read error</p>
104 info retry     <h3>Guru Meditation:</h3>
104 info retry     <p>XID: 2290516310</p>
104 info retry     <hr>
104 info retry     <p>Varnish cache server</p>
104 info retry   </body>
104 info retry </html>
105 info trying registry request attempt 3 at 10:47:24
106 http PUT http://registry.npmjs.org/awsm-cli/-/awsm-cli-0.0.9.tgz/-rev/25-af37aac558028a172230b2fdcc4042fd
107 http 503 http://registry.npmjs.org/awsm-cli/-/awsm-cli-0.0.9.tgz/-rev/25-af37aac558028a172230b2fdcc4042fd
108 verbose bad json <?xml version="1.0" encoding="utf-8"?>
108 verbose bad json <!DOCTYPE html PUBLIC "-//W3C//DTD XHTML 1.0 Strict//EN"
108 verbose bad json  "http://www.w3.org/TR/xhtml1/DTD/xhtml1-strict.dtd">
108 verbose bad json <html>
108 verbose bad json   <head>
108 verbose bad json     <title>503 client read error</title>
108 verbose bad json   </head>
108 verbose bad json   <body>
108 verbose bad json     <h1>Error 503 client read error</h1>
108 verbose bad json     <p>client read error</p>
108 verbose bad json     <h3>Guru Meditation:</h3>
108 verbose bad json     <p>XID: 416265960</p>
108 verbose bad json     <hr>
108 verbose bad json     <p>Varnish cache server</p>
108 verbose bad json   </body>
108 verbose bad json </html>
109 error registry error parsing json
110 error publish Error uploading package
111 error SyntaxError: Unexpected token <
111 error
111 error <?xml version="1.0" encoding="utf-8"?>
111 error <!DOCTYPE html PUBLIC "-//W3C//DTD XHTML 1.0 Strict//EN"
111 error  "http://www.w3.org/TR/xhtml1/DTD/xhtml1-strict.dtd">
111 error <html>
111 error   <head>
111 error     <title>503 client read error</title>
111 error   </head>
111 error   <body>
111 error     <h1>Error 503 client read error</h1>
111 error     <p>client read error</p>
111 error     <h3>Guru Meditation:</h3>
111 error     <p>XID: 416265960</p>
111 error     <hr>
111 error     <p>Varnish cache server</p>
111 error   </body>
111 error </html>
111 error
111 error     at Object.parse (native)
111 error     at RegClient.<anonymous> (/usr/local/lib/node_modules/npm/node_modules/npm-registry-client/lib/request.js:238:23)
111 error     at Request.self.callback (/usr/local/lib/node_modules/npm/node_modules/request/request.js:129:22)
111 error     at Request.EventEmitter.emit (events.js:98:17)
111 error     at Request.<anonymous> (/usr/local/lib/node_modules/npm/node_modules/request/request.js:873:14)
111 error     at Request.EventEmitter.emit (events.js:117:20)
111 error     at IncomingMessage.<anonymous> (/usr/local/lib/node_modules/npm/node_modules/request/request.js:824:12)
111 error     at IncomingMessage.EventEmitter.emit (events.js:117:20)
111 error     at _stream_readable.js:920:16
111 error     at process._tickCallback (node.js:415:13)
112 error If you need help, you may report this log at:
112 error     <http://github.com/isaacs/npm/issues>
112 error or email it to:
112 error     <npm-@googlegroups.com>
113 error System Darwin 13.0.0
114 error command "node" "/usr/local/bin/npm" "publish"
115 error cwd /Users/craig/Developer/Public/node-awsm-cli
116 error node -v v0.10.21
117 error npm -v 1.3.11
118 error type unexpected_token
119 verbose exit [ 1, true ]
